Arguments: 
  C:\Program Files\nodejs\node.exe C:\Users\Whit .DESKTOP-BB3A2G4\AppData\Roaming\npm\node_modules\yarn\bin\yarn.js start

PATH: 
  C:\Program Files\Git\mingw64\bin;C:\Program Files\Git\usr\bin;C:\Users\Whit .DESKTOP-BB3A2G4\bin;C:\Program Files (x86)\Intel\iCLS Client;C:\ProgramData\Oracle\Java\javapath;C:\Program Files\Intel\iCLS Client;C:\WINDOWS\system32;C:\WINDOWS;C:\WINDOWS\System32\Wbem;C:\WINDOWS\System32\WindowsPowerShell\v1.0;C:\Program Files\Git\cmd;C:\Program Files (x86)\Intel\Intel(R) Management Engine Components\DAL;C:\Program Files\Intel\Intel(R) Management Engine Components\DAL;C:\Program Files (x86)\Intel\Intel(R) Management Engine Components\IPT;C:\Program Files\Intel\Intel(R) Management Engine Components\IPT;%AppData%\npm\node_modules;C:\Program Files\Intel\WiFi\bin;C:\Program Files\Common Files\Intel\WirelessCommon;C:\WINDOWS\System32\OpenSSH;C:\Program Files\MongoDB\Server\3.6\bin;C:\MAMP\bin\php\php7.0.21;C:\ProgramData\ComposerSetup\bin;C:\Program Files\nodejs;C:\Users\Whit .DESKTOP-BB3A2G4\scoop\shims;C:\Users\Whit .DESKTOP-BB3A2G4\AppData\Local\Microsoft\WindowsApps;C:\Program Files\Microsoft VS Code\bin;C:\Program Files\Heroku\bin;C:\Users\Whit .DESKTOP-BB3A2G4\AppData\Roaming\npm;C:\Users\Whit .DESKTOP-BB3A2G4\AppData\Local\Microsoft\WindowsApps;C:\Users\Whit .DESKTOP-BB3A2G4\AppData\Roaming\Composer\vendor\bin;C:\Users\Whit .DESKTOP-BB3A2G4\AppData\Roaming\npm

Yarn version: 
  1.7.0

Node version: 
  10.13.0

Platform: 
  win32 x64

Trace: 
  TypeError [ERR_INVALID_ARG_VALUE]: The argument 'file' cannot be empty. Received ''
      at normalizeSpawnArguments (child_process.js:397:11)
      at Object.spawn (child_process.js:527:38)
      at C:\Users\Whit .DESKTOP-BB3A2G4\AppData\Roaming\npm\node_modules\yarn\lib\cli.js:30244:24
      at new Promise (<anonymous>)
      at new F (C:\Users\Whit .DESKTOP-BB3A2G4\AppData\Roaming\npm\node_modules\yarn\lib\cli.js:23451:28)
      at C:\Users\Whit .DESKTOP-BB3A2G4\AppData\Roaming\npm\node_modules\yarn\lib\cli.js:30243:12
      at run (C:\Users\Whit .DESKTOP-BB3A2G4\AppData\Roaming\npm\node_modules\yarn\lib\cli.js:41716:7)
      at BlockingQueue.maybePushConcurrencyQueue (C:\Users\Whit .DESKTOP-BB3A2G4\AppData\Roaming\npm\node_modules\yarn\lib\cli.js:41731:7)
      at BlockingQueue.shift (C:\Users\Whit .DESKTOP-BB3A2G4\AppData\Roaming\npm\node_modules\yarn\lib\cli.js:41726:10)
      at C:\Users\Whit .DESKTOP-BB3A2G4\AppData\Roaming\npm\node_modules\yarn\lib\cli.js:41670:15

npm manifest: 
  {
    "name": "hightide-2",
    "version": "0.0.0",
    "proxy": "http://localhost:3001/",
    "private": true,
    "scripts": {
      "start": "",
      "dev": "concurrently \"node app.js\" \"cd client && yarn start\"",
      "seed": "node scripts/seedDB.js"
    },
    "dependencies": {
      "axios": "^0.18.0",
      "body-parser": "^1.18.3",
      "concurrently": "^4.1.0",
      "cookie-parser": "~1.4.3",
      "debug": "~2.6.9",
      "express": "~4.16.0",
      "http-errors": "~1.6.2",
      "if-env": "^1.0.4",
      "jade": "~1.11.0",
      "mongoose": "^5.3.14",
      "morgan": "~1.9.0"
    }
  }

yarn manifest: 
  No manifest

Lockfile: 
  No lockfile
